<?xml version="1.0" encoding="UTF-8"?>
<!-- Generated by org.testng.reporters.JUnitReportReporter -->
<testsuite skipped="0" hostname="DESKTOP-MFUH3BJ" name="com.actitime.test.CreateCustomer" tests="1" failures="0" timestamp="2020-09-15T00:58:44 IST" time="30.895" errors="0">
  <testcase name="testCreateCustomer" time="30.895" classname="com.actitime.test.CreateCustomer"/>
  <system-out/>
</testsuite> <!-- com.actitime.test.CreateCustomer -->
